<?xml version="1.0" encoding="UTF-8"?>
<!-- Generated by org.testng.reporters.JUnitReportReporter -->
<testsuite skipped="0" hostname="MILD0BHGH2" name="com.basic.Tesringgoogle" tests="1" failures="0" timestamp="09 Jun 2019 03:51:13 GMT" time="3.132" errors="0">
  <testcase name="testgoogle" time="3.132" classname="com.basic.Tesringgoogle"/>
</testsuite> <!-- com.basic.Tesringgoogle -->
